0 verbose cli /Users/macbook/.nvm/versions/node/v20.19.4/bin/node /Users/macbook/.nvm/versions/node/v20.19.4/bin/npm
1 info using npm@10.8.2
2 info using node@v20.19.4
3 silly config load:file:/Users/macbook/.nvm/versions/node/v20.19.4/lib/node_modules/npm/npmrc
4 silly config load:file:/Users/macbook/react-native/SerbiCorporation/.npmrc
5 silly config load:file:/Users/macbook/.npmrc
6 silly config load:file:/Users/macbook/.nvm/versions/node/v20.19.4/etc/npmrc
7 verbose title npm start
8 verbose argv "start" "--cache" "clean" "--force"
9 verbose logfile logs-max:10 dir:/Users/macbook/react-native/SerbiCorporation/clean/_logs/2026-01-20T22_50_03_863Z-
10 verbose logfile /Users/macbook/react-native/SerbiCorporation/clean/_logs/2026-01-20T22_50_03_863Z-debug-0.log
11 warn using --force Recommended protections disabled.
12 silly logfile done cleaning log files
13 http fetch GET 200 https://registry.npmjs.org/npm 866ms
14 verbose cwd /Users/macbook/react-native/SerbiCorporation
15 verbose os Darwin 24.4.0
16 verbose node v20.19.4
17 verbose npm  v10.8.2
18 notice
18 notice New [31mmajor[39m version of npm available! [31m10.8.2[39m -> [34m11.7.0[39m
18 notice Changelog: [34mhttps://github.com/npm/cli/releases/tag/v11.7.0[39m
18 notice To update run: [4mnpm install -g npm@11.7.0[24m
18 notice  { force: true, [Symbol(proc-log.meta)]: true }
19 verbose exit 0
20 info ok
